<?xml version="1.0" encoding="UTF-8"?>
<!-- Generated by org.testng.reporters.JUnitXMLReporter -->
<testsuite ignored="1" hostname="PIC4347" failures="0" tests="4" name="Test" time="17.819" errors="0" timestamp="2024-04-01T17:40:12 IST">
  <testcase classname="com.test.Test.TestNG_Demo" name="firstTestMethod" time="0.021"/>
  <testcase classname="com.test.Test.TestNG_Demo" name="secondMethod" time="0.002"/>
  <testcase classname="com.test.Test.TestNG_Demo" name="thirdTestMethod" time="0.003"/>
  <testcase classname="com.test.Test.TestNG_Demo" name="thirdTestMethod" time="0.002"/>
  <testcase classname="com.test.Test.TestNG_Demo" name="fourthTestMethod" time="0.0">
    <ignored/>
  </testcase> <!-- fourthTestMethod -->
</testsuite> <!-- Test -->
